f:\visual studio work\bsdiff\x64\debug\bsdiff.lib
f:\visual studio work\bsdiff\x64\debug\bsdiff.exp
f:\visual studio work\bsdiff\bsdiff\x64\debug\vc120.pdb
f:\visual studio work\bsdiff\bsdiff\x64\debug\vc120.idb
f:\visual studio work\bsdiff\bsdiff\x64\debug\blocksort.obj
f:\visual studio work\bsdiff\bsdiff\x64\debug\bzlib.obj
f:\visual studio work\bsdiff\bsdiff\x64\debug\compress.obj
f:\visual studio work\bsdiff\bsdiff\x64\debug\crctable.obj
f:\visual studio work\bsdiff\bsdiff\x64\debug\decompress.obj
f:\visual studio work\bsdiff\bsdiff\x64\debug\huffman.obj
f:\visual studio work\bsdiff\bsdiff\x64\debug\randtable.obj
f:\visual studio work\bsdiff\bsdiff\x64\debug\bsdiff.obj
f:\visual studio work\bsdiff\x64\debug\bsdiff.ilk
f:\visual studio work\bsdiff\x64\debug\bsdiff.dll
f:\visual studio work\bsdiff\x64\debug\bsdiff.pdb
f:\visual studio work\bsdiff\bsdiff\x64\debug\bsdiff.tlog\bsdiff.write.1u.tlog
f:\visual studio work\bsdiff\bsdiff\x64\debug\bsdiff.tlog\cl.command.1.tlog
f:\visual studio work\bsdiff\bsdiff\x64\debug\bsdiff.tlog\cl.read.1.tlog
f:\visual studio work\bsdiff\bsdiff\x64\debug\bsdiff.tlog\cl.write.1.tlog
f:\visual studio work\bsdiff\bsdiff\x64\debug\bsdiff.tlog\link.command.1.tlog
f:\visual studio work\bsdiff\bsdiff\x64\debug\bsdiff.tlog\link.read.1.tlog
f:\visual studio work\bsdiff\bsdiff\x64\debug\bsdiff.tlog\link.write.1.tlog
